WARNING:absl:Compiled the loaded model, but the compiled metrics have yet to be built. `model.compile_metrics` will be empty until you train or evaluate the model.
============================================================
Sign Language Recognition API Server
============================================================
Loading sign language model...
✓ Model loaded successfully
✓ Metadata loaded: 26 classes

✓ Server ready!
✓ Serving 26 sign language classes
✓ Model accuracy: 100.00%

Starting Flask server on http://localhost:5001
API Endpoints:
  - GET  /health  - Health check
  - POST /predict - Make prediction
  - GET  /classes - Get list of classes

============================================================
 * Serving Flask app 'api_server'
 * Debug mode: off
INFO:werkzeug:[31m[1mWARNING: This is a development server. Do not use it in a production deployment. Use a production WSGI server instead.[0m
 * Running on all addresses (0.0.0.0)
 * Running on http://127.0.0.1:5001
 * Running on http://192.168.1.170:5001
INFO:werkzeug:[33mPress CTRL+C to quit[0m
WARNING:absl:Compiled the loaded model, but the compiled metrics have yet to be built. `model.compile_metrics` will be empty until you train or evaluate the model.
============================================================
Sign Language Recognition API Server
============================================================
Loading sign language model...
✓ Model loaded successfully
✓ Metadata loaded: 26 classes

✓ Server ready!
✓ Serving 26 sign language classes
✓ Model accuracy: 100.00%

Starting Flask server on http://localhost:5001
API Endpoints:
  - GET  /health  - Health check
  - POST /predict - Make prediction
  - GET  /classes - Get list of classes

============================================================
 * Serving Flask app 'api_server'
 * Debug mode: off
Address already in use
Port 5001 is in use by another program. Either identify and stop that program, or start the server with a different port.
